TN:
SF:src/app.js
FN:30,(anonymous_0)
FNF:1
FNH:1
FNDA:14,(anonymous_0)
DA:11,4
DA:13,4
DA:19,4
DA:28,4
DA:30,4
DA:31,14
DA:32,14
DA:35,4
DA:37,4
DA:38,4
DA:40,4
DA:42,4
LF:12
LH:12
BRDA:31,0,0,14
BRDA:31,0,1,14
BRF:2
BRH:2
end_of_record
TN:
SF:src/configs/config.js
FNF:0
FNH:0
DA:15,4
DA:17,4
DA:23,4
DA:50,4
LF:4
LH:4
BRDA:4,0,0,4
BRDA:5,1,0,0
BRDA:7,2,0,4
BRDA:9,3,0,0
BRDA:11,4,0,0
BRDA:12,5,0,4
BRDA:13,6,0,4
BRDA:14,7,0,4
BRF:8
BRH:5
end_of_record
TN:
SF:src/configs/constants.js
FNF:0
FNH:0
DA:1,4
LF:1
LH:1
BRF:0
BRH:0
end_of_record
TN:
SF:src/controllers/auth.controller.js
FN:6,(anonymous_0)
FN:25,(anonymous_1)
FN:42,(anonymous_2)
FN:56,(anonymous_3)
FNF:4
FNH:4
FNDA:2,(anonymous_0)
FNDA:3,(anonymous_1)
FNDA:2,(anonymous_2)
FNDA:1,(anonymous_3)
DA:6,4
DA:7,2
DA:9,2
DA:11,2
DA:12,2
DA:13,1
DA:16,1
DA:17,1
DA:19,1
DA:20,1
DA:22,1
DA:25,4
DA:26,3
DA:28,3
DA:29,3
DA:30,1
DA:33,2
DA:34,2
DA:35,1
DA:38,1
DA:39,1
DA:42,4
DA:43,2
DA:45,2
DA:46,2
DA:47,1
DA:50,1
DA:51,1
DA:53,1
DA:56,4
DA:57,1
LF:31
LH:31
BRDA:12,0,0,1
BRDA:12,0,1,1
BRDA:29,1,0,1
BRDA:29,1,1,2
BRDA:34,2,0,1
BRDA:34,2,1,1
BRDA:46,3,0,1
BRDA:46,3,1,1
BRF:8
BRH:8
end_of_record
TN:
SF:src/languages/index.js
FN:12,(anonymous_0)
FNF:1
FNH:1
FNDA:10,(anonymous_0)
DA:3,4
DA:5,4
DA:7,4
DA:12,4
DA:13,10
DA:15,10
DA:16,10
DA:17,0
DA:20,10
DA:21,10
DA:23,10
DA:24,12
DA:25,0
DA:26,0
DA:28,12
DA:31,10
DA:33,0
DA:36,10
LF:18
LH:14
BRDA:12,0,0,10
BRDA:12,1,0,10
BRDA:13,2,0,10
BRDA:13,2,1,10
BRDA:16,3,0,0
BRDA:16,3,1,10
BRDA:24,4,0,0
BRDA:24,4,1,12
BRDA:31,5,0,0
BRDA:31,5,1,10
BRDA:31,6,0,10
BRDA:31,6,1,0
BRDA:31,6,2,0
BRF:13
BRH:8
end_of_record
TN:
SF:src/middlewares/authenticate.middleware.js
FN:5,(anonymous_0)
FNF:1
FNH:1
FNDA:4,(anonymous_0)
DA:5,4
DA:6,4
DA:7,4
DA:8,1
DA:11,3
DA:12,3
DA:13,3
DA:14,1
DA:17,2
DA:18,2
DA:19,1
DA:22,1
DA:23,1
LF:13
LH:13
BRDA:7,0,0,1
BRDA:7,0,1,3
BRDA:13,1,0,1
BRDA:13,1,1,2
BRDA:18,2,0,1
BRDA:18,2,1,1
BRF:6
BRH:6
end_of_record
TN:
SF:src/middlewares/error-handler.middleware.js
FN:6,(anonymous_0)
FNF:1
FNH:1
FNDA:10,(anonymous_0)
DA:6,4
DA:7,10
DA:9,10
DA:11,10
DA:13,10
DA:14,0
DA:15,0
DA:17,0
DA:20,10
LF:9
LH:6
BRDA:7,0,0,0
BRDA:7,0,1,10
BRDA:9,1,0,0
BRDA:9,1,1,10
BRDA:13,2,0,0
BRDA:13,2,1,10
BRDA:17,3,0,0
BRDA:17,3,1,0
BRDA:17,4,0,0
BRDA:17,4,1,0
BRDA:17,4,2,0
BRF:11
BRH:3
end_of_record
TN:
SF:src/middlewares/http-log.middleware.js
FN:4,(anonymous_0)
FN:5,(anonymous_1)
FNF:2
FNH:2
FNDA:14,(anonymous_0)
FNDA:14,(anonymous_1)
DA:4,4
DA:5,14
DA:6,14
DA:8,14
DA:11,14
LF:5
LH:5
BRF:0
BRH:0
end_of_record
TN:
SF:src/middlewares/upload.middleware.js
FN:10,(anonymous_0)
FN:14,(anonymous_1)
FN:22,(anonymous_2)
FN:24,(anonymous_3)
FNF:4
FNH:0
FNDA:0,(anonymous_0)
FNDA:0,(anonymous_1)
FNDA:0,(anonymous_2)
FNDA:0,(anonymous_3)
DA:7,0
DA:9,0
DA:11,0
DA:12,0
DA:15,0
DA:16,0
DA:20,0
DA:22,0
DA:24,0
LF:9
LH:0
BRDA:11,0,0,0
BRDA:11,0,1,0
BRF:2
BRH:0
end_of_record
TN:
SF:src/middlewares/validator.middleware.js
FN:6,(anonymous_0)
FN:7,(anonymous_1)
FNF:2
FNH:2
FNDA:12,(anonymous_0)
FNDA:10,(anonymous_1)
DA:4,4
DA:6,4
DA:7,12
DA:8,10
DA:9,10
DA:10,0
DA:13,10
DA:14,10
DA:15,3
DA:18,7
DA:20,7
LF:11
LH:10
BRDA:8,0,0,10
BRDA:8,0,1,10
BRDA:9,1,0,0
BRDA:9,1,1,10
BRDA:14,2,0,3
BRDA:14,2,1,7
BRDA:18,3,0,7
BRDA:18,3,1,0
BRF:8
BRH:6
end_of_record
TN:
SF:src/models/user.model.js
FN:29,(anonymous_0)
FN:36,(anonymous_1)
FNF:2
FNH:2
FNDA:6,(anonymous_0)
FNDA:2,(anonymous_1)
DA:4,4
DA:29,4
DA:30,6
DA:32,5
DA:33,5
DA:36,4
DA:37,2
DA:40,4
LF:8
LH:8
BRDA:30,0,0,1
BRDA:30,0,1,5
BRF:2
BRH:2
end_of_record
TN:
SF:src/routes/index.js
FN:4,(anonymous_0)
FN:8,(anonymous_1)
FNF:2
FNH:1
FNDA:4,(anonymous_0)
FNDA:0,(anonymous_1)
DA:4,4
DA:6,4
DA:8,4
LF:3
LH:3
BRF:0
BRH:0
end_of_record
TN:
SF:src/routes/api/auth.route.js
FNF:0
FNH:0
DA:7,4
DA:8,4
DA:9,4
DA:10,4
DA:12,4
DA:13,4
LF:6
LH:6
BRF:0
BRH:0
end_of_record
TN:
SF:src/routes/api/index.js
FN:9,(anonymous_0)
FN:28,(anonymous_1)
FNF:2
FNH:1
FNDA:0,(anonymous_0)
FNDA:12,(anonymous_1)
DA:7,4
DA:9,4
DA:11,4
DA:28,4
DA:29,12
DA:32,4
LF:6
LH:6
BRDA:29,0,0,12
BRDA:29,0,1,4
BRF:2
BRH:2
end_of_record
TN:
SF:src/routes/api/user.route.js
FN:5,(anonymous_0)
FNF:1
FNH:0
FNDA:0,(anonymous_0)
DA:3,4
DA:5,4
DA:6,0
DA:9,4
LF:4
LH:3
BRF:0
BRH:0
end_of_record
TN:
SF:src/utils/error.util.js
FN:5,(anonymous_0)
FN:15,(anonymous_1)
FN:21,(anonymous_2)
FN:27,(anonymous_3)
FN:32,(anonymous_4)
FN:32,(anonymous_5)
FN:40,(anonymous_6)
FNF:7
FNH:7
FNDA:10,(anonymous_0)
FNDA:4,(anonymous_1)
FNDA:1,(anonymous_2)
FNDA:3,(anonymous_3)
FNDA:36,(anonymous_4)
FNDA:36,(anonymous_5)
FNDA:10,(anonymous_6)
DA:6,10
DA:8,10
DA:9,10
DA:10,10
DA:16,4
DA:22,1
DA:28,3
DA:32,36
DA:33,36
DA:34,36
DA:36,10
DA:40,4
DA:41,10
DA:42,10
DA:44,10
DA:51,10
LF:16
LH:16
BRDA:5,0,0,0
BRDA:5,1,0,2
BRDA:5,2,0,2
BRDA:15,3,0,4
BRDA:15,4,0,4
BRDA:21,5,0,1
BRDA:21,6,0,1
BRDA:27,7,0,0
BRDA:27,8,0,0
BRDA:42,9,0,0
BRDA:42,9,1,10
BRDA:44,10,0,0
BRDA:44,10,1,10
BRDA:53,11,0,10
BRDA:53,11,1,10
BRF:15
BRH:10
end_of_record
TN:
SF:src/utils/http-response.util.js
FN:4,(anonymous_0)
FN:11,(anonymous_1)
FN:23,(anonymous_2)
FN:27,(anonymous_3)
FNF:4
FNH:4
FNDA:4,(anonymous_0)
FNDA:10,(anonymous_1)
FNDA:3,(anonymous_2)
FNDA:1,(anonymous_3)
DA:5,4
DA:12,10
DA:14,10
DA:24,3
DA:28,1
LF:5
LH:5
BRDA:4,0,0,0
BRDA:4,1,0,0
BRDA:11,2,0,0
BRDA:23,3,0,0
BRDA:27,4,0,0
BRF:5
BRH:0
end_of_record
TN:
SF:src/utils/logger.util.js
FN:18,(anonymous_0)
FN:19,(anonymous_1)
FN:25,(anonymous_2)
FN:34,(anonymous_3)
FN:37,(anonymous_4)
FNF:5
FNH:4
FNDA:4,(anonymous_0)
FNDA:0,(anonymous_1)
FNDA:16,(anonymous_2)
FNDA:8,(anonymous_3)
FNDA:32,(anonymous_4)
DA:6,4
DA:7,4
DA:8,4
DA:10,4
DA:18,4
DA:19,4
DA:20,0
DA:21,0
DA:25,4
DA:26,16
DA:27,16
DA:29,16
DA:31,0
DA:34,4
DA:35,8
DA:37,8
DA:38,32
DA:42,32
DA:43,32
DA:45,32
DA:46,16
DA:49,16
DA:50,16
DA:54,4
LF:24
LH:21
BRDA:20,0,0,0
BRDA:20,0,1,0
BRDA:25,1,0,0
BRDA:27,2,0,16
BRDA:27,2,1,14
BRDA:29,3,0,16
BRDA:29,3,1,0
BRDA:34,4,0,4
BRDA:35,5,0,8
BRDA:35,5,1,4
BRDA:38,6,0,4
BRDA:38,6,1,28
BRDA:42,7,0,32
BRDA:42,7,1,0
BRDA:43,8,0,32
BRDA:43,8,1,0
BRDA:45,9,0,16
BRDA:45,9,1,16
BRF:18
BRH:12
end_of_record
TN:
SF:src/utils/token.util.js
FN:8,(anonymous_0)
FN:22,(anonymous_1)
FNF:2
FNH:2
FNDA:14,(anonymous_0)
FNDA:6,(anonymous_1)
DA:6,4
DA:8,4
DA:9,14
DA:10,14
DA:12,14
DA:13,7
DA:14,7
DA:17,14
DA:22,4
DA:23,6
DA:25,6
DA:26,6
DA:28,2
DA:29,2
LF:14
LH:14
BRDA:8,0,0,7
BRDA:12,1,0,7
BRDA:12,1,1,7
BRDA:22,2,0,3
BRDA:23,3,0,3
BRDA:23,3,1,3
BRF:6
BRH:6
end_of_record
TN:
SF:src/validations/auth.validation.js
FNF:0
FNH:0
DA:3,4
DA:8,4
DA:10,4
LF:3
LH:3
BRF:0
BRH:0
end_of_record
TN:
SF:src/validations/index.js
FN:1,(anonymous_0)
FNF:1
FNH:1
FNDA:10,(anonymous_0)
DA:1,4
DA:2,10
DA:3,10
DA:4,7
DA:6,3
LF:5
LH:5
BRF:0
BRH:0
end_of_record
